  Neuron.cpp
C:\Users\Tavernier\Documents\ProjetAnnuel3IABD\src\2019-3A-IBD-MLDLL\Neuron.cpp(7): warning C4244: 'initialisation' : conversion de 'double' en 'size_t', perte possible de données
C:\Users\Tavernier\Documents\ProjetAnnuel3IABD\src\2019-3A-IBD-MLDLL\Neuron.cpp(10): warning C4244: 'initialisation' : conversion de '_Rep' en 'unsigned int', perte possible de données
          with
          [
              _Rep=std::chrono::system_clock::rep
          ]
C:\Users\Tavernier\Documents\ProjetAnnuel3IABD\src\2019-3A-IBD-MLDLL\Neuron.cpp(32): warning C4244: 'initialisation' : conversion de 'double' en 'size_t', perte possible de données
C:\Users\Tavernier\Documents\ProjetAnnuel3IABD\src\2019-3A-IBD-MLDLL\Neuron.cpp(38): warning C4244: 'initialisation' : conversion de 'double' en 'size_t', perte possible de données
C:\Users\Tavernier\Documents\ProjetAnnuel3IABD\src\2019-3A-IBD-MLDLL\Neuron.cpp(117): warning C4244: 'argument' : conversion de 'double' en 'int', perte possible de données
  Source.cpp
C:\Users\Tavernier\Documents\ProjetAnnuel3IABD\src\2019-3A-IBD-MLDLL\Source.cpp(22): warning C4244: 'initialisation' : conversion de 'double' en 'size_t', perte possible de données
C:\Users\Tavernier\Documents\ProjetAnnuel3IABD\src\2019-3A-IBD-MLDLL\Source.cpp(25): warning C4244: 'initialisation' : conversion de '_Rep' en 'unsigned int', perte possible de données
          with
          [
              _Rep=std::chrono::system_clock::rep
          ]
C:\Users\Tavernier\Documents\ProjetAnnuel3IABD\src\2019-3A-IBD-MLDLL\Source.cpp(60): warning C4244: 'initialisation' : conversion de 'double' en 'size_t', perte possible de données
  Génération de code en cours...
     Création de la bibliothèque C:\Users\Tavernier\Documents\ProjetAnnuel3IABD\src\x64\Debug\2019-3A-IBD-MLDLL.lib et de l'objet C:\Users\Tavernier\Documents\ProjetAnnuel3IABD\src\x64\Debug\2019-3A-IBD-MLDLL.exp
  2019-3A-IBD-MLDLL.vcxproj -> C:\Users\Tavernier\Documents\ProjetAnnuel3IABD\src\x64\Debug\2019-3A-IBD-MLDLL.exe
